<?xml version="1.0" encoding="UTF-8"?>
<!-- Generated by org.testng.reporters.JUnitReportReporter -->
<testsuite hostname="Alnobl" failures="0" tests="1" name="magntosoft.loginTest" time="2.098" errors="0" timestamp="2024-03-10T23:26:06 AST" skipped="0">
  <testcase classname="magntosoft.loginTest" name="testCases" time="2.098"/>
  <system-out/>
</testsuite> <!-- magntosoft.loginTest -->
