<?xml version="1.0" encoding="UTF-8"?>
<!-- Generated by org.testng.reporters.JUnitReportReporter -->
<testsuite hostname="Alnobl" failures="0" tests="1" name="magntosoft.randomAddItem" time="11.733" errors="0" timestamp="2024-03-11T01:18:52 AST" skipped="0">
  <testcase classname="magntosoft.randomAddItem" name="myTestRandom" time="11.733"/>
  <system-out/>
</testsuite> <!-- magntosoft.randomAddItem -->
